[INFO] Epoch 1/50 started
[INFO] step=20/386 loss=0.2434 mfm=0.1031 top=0.7017
[INFO] step=40/386 loss=0.1987 mfm=0.0619 top=0.6842
[INFO] step=60/386 loss=0.2369 mfm=0.0817 top=0.7760
[INFO] step=80/386 loss=0.1781 mfm=0.0607 top=0.5871
[INFO] step=100/386 loss=0.2081 mfm=0.0690 top=0.6953
[INFO] step=120/386 loss=0.2044 mfm=0.0487 top=0.7783
[INFO] step=140/386 loss=0.1885 mfm=0.0454 top=0.7158
[INFO] Epoch 1/50 started
[INFO] step=20/96 loss=0.2529 mfm=0.1116 top=0.7065
[INFO] Epoch 1/50 started
[INFO] step=20/96 loss=0.2529 mfm=0.1116 top=0.7065
[INFO] Epoch 1/50 started
[INFO] step=20/96 loss=0.2529 mfm=0.1116 top=0.7065
[INFO] Epoch 1/50 started
[INFO] step=20/96 loss=0.2529 mfm=0.1116 top=0.7065
[INFO] Epoch 1/50 started
[INFO] step=20/96 loss=0.2529 mfm=0.1116 top=0.7065
[INFO] step=40/96 loss=0.2575 mfm=0.1167 top=0.7040
[INFO] step=60/96 loss=0.2285 mfm=0.0894 top=0.6956
[INFO] step=80/96 loss=0.2233 mfm=0.0836 top=0.6988
[INFO] Epoch finished, avg_loss=0.2474, avg_mfm=0.1028, avg_top=0.7230, time=83.0s
[INFO] Epoch 2/50 started
[INFO] step=20/96 loss=0.2123 mfm=0.0699 top=0.7116
[INFO] step=40/96 loss=0.1891 mfm=0.0533 top=0.6786
[INFO] step=60/96 loss=0.1919 mfm=0.0537 top=0.6907
[INFO] step=80/96 loss=0.2166 mfm=0.0758 top=0.7044
[INFO] Epoch finished, avg_loss=0.2239, avg_mfm=0.0844, avg_top=0.6976, time=73.2s
[INFO] Epoch 3/50 started
[INFO] step=20/96 loss=0.2028 mfm=0.0647 top=0.6905
[INFO] step=40/96 loss=0.2025 mfm=0.0625 top=0.7000
[INFO] step=60/96 loss=0.2076 mfm=0.0680 top=0.6975
[INFO] step=80/96 loss=0.2315 mfm=0.0925 top=0.6951
[INFO] Epoch finished, avg_loss=0.2147, avg_mfm=0.0748, avg_top=0.6995, time=72.9s
[INFO] Epoch 4/50 started
[INFO] step=20/96 loss=0.2010 mfm=0.0525 top=0.7423
[INFO] step=40/96 loss=0.1820 mfm=0.0325 top=0.7473
[INFO] step=60/96 loss=0.1886 mfm=0.0484 top=0.7008
[INFO] step=80/96 loss=0.2057 mfm=0.0671 top=0.6930
[INFO] Epoch finished, avg_loss=0.2032, avg_mfm=0.0624, avg_top=0.7042, time=72.3s
[INFO] Epoch 5/50 started
[INFO] step=20/96 loss=0.1910 mfm=0.0538 top=0.6859
[INFO] step=40/96 loss=0.2217 mfm=0.0807 top=0.7051
[INFO] step=60/96 loss=0.2332 mfm=0.0932 top=0.6999
[INFO] step=80/96 loss=0.2196 mfm=0.0822 top=0.6868
[INFO] Epoch finished, avg_loss=0.2133, avg_mfm=0.0733, avg_top=0.7001, time=72.1s
[INFO] Epoch 6/50 started
[INFO] step=20/96 loss=0.1743 mfm=0.0340 top=0.7017
[INFO] step=40/96 loss=0.1861 mfm=0.0445 top=0.7081
[INFO] step=60/96 loss=0.1830 mfm=0.0437 top=0.6965
[INFO] step=80/96 loss=0.1876 mfm=0.0472 top=0.7019
[INFO] Epoch finished, avg_loss=0.1820, avg_mfm=0.0427, avg_top=0.6964, time=74.0s
[INFO] Epoch 7/50 started
[INFO] step=20/96 loss=0.1902 mfm=0.0497 top=0.7024
[INFO] step=40/96 loss=0.1726 mfm=0.0346 top=0.6902
[INFO] step=60/96 loss=0.1606 mfm=0.0208 top=0.6991
[INFO] step=80/96 loss=0.1583 mfm=0.0191 top=0.6958
[INFO] Epoch finished, avg_loss=0.1710, avg_mfm=0.0317, avg_top=0.6966, time=73.3s
[INFO] Epoch 8/50 started
[INFO] step=20/96 loss=0.1586 mfm=0.0192 top=0.6969
[INFO] step=40/96 loss=0.1665 mfm=0.0275 top=0.6946
[INFO] step=60/96 loss=0.1732 mfm=0.0324 top=0.7038
[INFO] step=80/96 loss=0.1863 mfm=0.0439 top=0.7122
[INFO] Epoch finished, avg_loss=0.1719, avg_mfm=0.0322, avg_top=0.6988, time=73.9s
[INFO] Epoch 9/50 started
[INFO] step=20/96 loss=0.1699 mfm=0.0326 top=0.6862
[INFO] step=40/96 loss=0.1696 mfm=0.0280 top=0.7079
[INFO] step=60/96 loss=0.1670 mfm=0.0267 top=0.7014
[INFO] step=80/96 loss=0.1820 mfm=0.0386 top=0.7171
[INFO] Epoch finished, avg_loss=0.1750, avg_mfm=0.0354, avg_top=0.6977, time=73.4s
[INFO] Epoch 10/50 started
[INFO] step=20/96 loss=0.1754 mfm=0.0367 top=0.6938
[INFO] step=40/96 loss=0.1835 mfm=0.0425 top=0.7048
[INFO] step=60/96 loss=0.1875 mfm=0.0491 top=0.6923
[INFO] step=80/96 loss=0.1847 mfm=0.0447 top=0.7002
[INFO] Epoch finished, avg_loss=0.1816, avg_mfm=0.0419, avg_top=0.6984, time=72.2s
[INFO] Epoch 11/50 started
[INFO] step=20/96 loss=0.1716 mfm=0.0334 top=0.6908
[INFO] step=40/96 loss=0.1646 mfm=0.0225 top=0.7106
[INFO] step=60/96 loss=0.1655 mfm=0.0263 top=0.6962
[INFO] step=80/96 loss=0.1955 mfm=0.0572 top=0.6913
[INFO] Epoch finished, avg_loss=0.1782, avg_mfm=0.0389, avg_top=0.6968, time=72.8s
[INFO] Epoch 12/50 started
[INFO] step=20/96 loss=0.1712 mfm=0.0323 top=0.6943
[INFO] step=40/96 loss=0.1684 mfm=0.0254 top=0.7149
[INFO] step=60/96 loss=0.1702 mfm=0.0286 top=0.7081
[INFO] step=80/96 loss=0.2029 mfm=0.0630 top=0.6992
[INFO] Epoch finished, avg_loss=0.1744, avg_mfm=0.0351, avg_top=0.6965, time=72.1s
[INFO] Epoch 13/50 started
[INFO] step=20/96 loss=0.1576 mfm=0.0184 top=0.6960
[INFO] step=40/96 loss=0.1575 mfm=0.0202 top=0.6868
[INFO] step=60/96 loss=0.1535 mfm=0.0150 top=0.6923
[INFO] step=80/96 loss=0.1646 mfm=0.0277 top=0.6847
[INFO] Epoch finished, avg_loss=0.1622, avg_mfm=0.0230, avg_top=0.6955, time=72.6s
[INFO] Epoch 14/50 started
[INFO] step=20/96 loss=0.2359 mfm=0.0964 top=0.6973
[INFO] step=40/96 loss=0.1883 mfm=0.0469 top=0.7068
[INFO] step=60/96 loss=0.1654 mfm=0.0268 top=0.6927
[INFO] step=80/96 loss=0.1676 mfm=0.0274 top=0.7012
[INFO] Epoch finished, avg_loss=0.1822, avg_mfm=0.0428, avg_top=0.6973, time=73.6s
[INFO] Epoch 15/50 started
[INFO] step=20/96 loss=0.1771 mfm=0.0374 top=0.6986
[INFO] step=40/96 loss=0.1764 mfm=0.0376 top=0.6938
[INFO] step=60/96 loss=0.1718 mfm=0.0339 top=0.6896
[INFO] step=80/96 loss=0.1692 mfm=0.0290 top=0.7009
[INFO] Epoch finished, avg_loss=0.1667, avg_mfm=0.0276, avg_top=0.6955, time=72.2s
[INFO] Epoch 16/50 started
[INFO] step=20/96 loss=0.1588 mfm=0.0196 top=0.6957
[INFO] step=40/96 loss=0.1694 mfm=0.0318 top=0.6882
[INFO] step=60/96 loss=0.1615 mfm=0.0224 top=0.6957
[INFO] step=80/96 loss=0.1605 mfm=0.0218 top=0.6935
[INFO] Epoch finished, avg_loss=0.1632, avg_mfm=0.0240, avg_top=0.6962, time=72.7s
[INFO] Epoch 17/50 started
[INFO] step=20/96 loss=0.1544 mfm=0.0182 top=0.6812
[INFO] step=40/96 loss=0.1586 mfm=0.0192 top=0.6966
[INFO] step=60/96 loss=0.1555 mfm=0.0171 top=0.6920
[INFO] step=80/96 loss=0.1561 mfm=0.0183 top=0.6891
[INFO] Epoch finished, avg_loss=0.1578, avg_mfm=0.0189, avg_top=0.6944, time=74.2s
[INFO] Epoch 18/50 started
[INFO] step=20/96 loss=0.1563 mfm=0.0183 top=0.6901
[INFO] step=40/96 loss=0.1612 mfm=0.0230 top=0.6911
[INFO] step=60/96 loss=0.1568 mfm=0.0176 top=0.6964
[INFO] step=80/96 loss=0.1565 mfm=0.0184 top=0.6902
[INFO] Epoch finished, avg_loss=0.1569, avg_mfm=0.0181, avg_top=0.6942, time=72.5s
[INFO] Epoch 19/50 started
[INFO] step=20/96 loss=0.1596 mfm=0.0196 top=0.6998
[INFO] step=40/96 loss=0.1594 mfm=0.0212 top=0.6911
[INFO] step=60/96 loss=0.1539 mfm=0.0159 top=0.6901
[INFO] step=80/96 loss=0.1562 mfm=0.0168 top=0.6970
[INFO] Epoch finished, avg_loss=0.1551, avg_mfm=0.0161, avg_top=0.6947, time=72.5s
[INFO] Epoch 20/50 started
[INFO] step=20/96 loss=0.1553 mfm=0.0161 top=0.6957
[INFO] step=40/96 loss=0.1501 mfm=0.0107 top=0.6969
[INFO] step=60/96 loss=0.1509 mfm=0.0108 top=0.7003
[INFO] step=80/96 loss=0.1536 mfm=0.0145 top=0.6952
[INFO] Epoch finished, avg_loss=0.1537, avg_mfm=0.0147, avg_top=0.6954, time=74.6s
[INFO] Epoch 21/50 started
[INFO] step=20/96 loss=0.1539 mfm=0.0130 top=0.7047
[INFO] step=40/96 loss=0.1537 mfm=0.0144 top=0.6966
[INFO] step=60/96 loss=0.1545 mfm=0.0138 top=0.7036
[INFO] step=80/96 loss=0.1523 mfm=0.0123 top=0.7004
[INFO] Epoch finished, avg_loss=0.1526, avg_mfm=0.0135, avg_top=0.6952, time=74.3s
[INFO] Epoch 22/50 started
[INFO] step=20/96 loss=0.1522 mfm=0.0118 top=0.7017
[INFO] step=40/96 loss=0.1533 mfm=0.0134 top=0.6992
[INFO] step=60/96 loss=0.1530 mfm=0.0141 top=0.6943
[INFO] step=80/96 loss=0.1526 mfm=0.0136 top=0.6948
[INFO] Epoch finished, avg_loss=0.1515, avg_mfm=0.0126, avg_top=0.6944, time=72.5s
[INFO] Epoch 23/50 started
[INFO] step=20/96 loss=0.1517 mfm=0.0134 top=0.6914
[INFO] step=40/96 loss=0.1494 mfm=0.0120 top=0.6870
[INFO] step=60/96 loss=0.1519 mfm=0.0130 top=0.6946
[INFO] step=80/96 loss=0.1513 mfm=0.0127 top=0.6930
[INFO] Epoch finished, avg_loss=0.1510, avg_mfm=0.0122, avg_top=0.6944, time=73.4s
[INFO] Epoch 24/50 started
[INFO] step=20/96 loss=0.1504 mfm=0.0103 top=0.7003
[INFO] step=40/96 loss=0.1531 mfm=0.0149 top=0.6910
[INFO] step=60/96 loss=0.1486 mfm=0.0114 top=0.6862
[INFO] step=80/96 loss=0.1488 mfm=0.0119 top=0.6847
[INFO] Epoch finished, avg_loss=0.1506, avg_mfm=0.0116, avg_top=0.6951, time=74.0s
[INFO] Epoch 25/50 started
[INFO] step=20/96 loss=0.1520 mfm=0.0128 top=0.6959
[INFO] step=40/96 loss=0.1524 mfm=0.0140 top=0.6918
[INFO] step=60/96 loss=0.1516 mfm=0.0124 top=0.6963
[INFO] step=80/96 loss=0.1538 mfm=0.0152 top=0.6930
[INFO] Epoch finished, avg_loss=0.1504, avg_mfm=0.0115, avg_top=0.6947, time=73.7s
[INFO] Epoch 26/50 started
[INFO] step=20/96 loss=0.1489 mfm=0.0100 top=0.6947
[INFO] step=40/96 loss=0.1494 mfm=0.0106 top=0.6936
[INFO] step=60/96 loss=0.1481 mfm=0.0092 top=0.6944
[INFO] step=80/96 loss=0.1503 mfm=0.0101 top=0.7008
[INFO] Epoch finished, avg_loss=0.1501, avg_mfm=0.0112, avg_top=0.6945, time=74.6s
[INFO] Epoch 27/50 started
[INFO] step=20/96 loss=0.1490 mfm=0.0096 top=0.6972
[INFO] step=40/96 loss=0.1489 mfm=0.0097 top=0.6962
[INFO] step=60/96 loss=0.1528 mfm=0.0127 top=0.7002
[INFO] step=80/96 loss=0.1534 mfm=0.0113 top=0.7104
[INFO] Epoch finished, avg_loss=0.1502, avg_mfm=0.0113, avg_top=0.6941, time=73.7s
[INFO] Epoch 28/50 started
[INFO] step=20/96 loss=0.1505 mfm=0.0119 top=0.6927
[INFO] step=40/96 loss=0.1502 mfm=0.0116 top=0.6933
[INFO] step=60/96 loss=0.1465 mfm=0.0080 top=0.6925
[INFO] step=80/96 loss=0.1496 mfm=0.0112 top=0.6921
[INFO] Epoch finished, avg_loss=0.1501, avg_mfm=0.0112, avg_top=0.6944, time=74.4s
[INFO] Epoch 29/50 started
[INFO] step=20/96 loss=0.1475 mfm=0.0089 top=0.6934
[INFO] step=40/96 loss=0.1551 mfm=0.0106 top=0.7225
[INFO] step=60/96 loss=0.1477 mfm=0.0094 top=0.6914
[INFO] step=80/96 loss=0.1508 mfm=0.0118 top=0.6952
[INFO] Epoch finished, avg_loss=0.1490, avg_mfm=0.0100, avg_top=0.6948, time=73.2s
[INFO] Epoch 30/50 started
[INFO] step=20/96 loss=0.1486 mfm=0.0098 top=0.6941
[INFO] step=40/96 loss=0.1510 mfm=0.0115 top=0.6976
[INFO] step=60/96 loss=0.1527 mfm=0.0129 top=0.6987
[INFO] step=80/96 loss=0.1463 mfm=0.0090 top=0.6864
[INFO] Epoch finished, avg_loss=0.1481, avg_mfm=0.0091, avg_top=0.6947, time=72.5s
[INFO] Epoch 31/50 started
[INFO] step=20/96 loss=0.1453 mfm=0.0088 top=0.6824
[INFO] step=40/96 loss=0.1485 mfm=0.0105 top=0.6897
[INFO] step=60/96 loss=0.1497 mfm=0.0111 top=0.6930
[INFO] step=80/96 loss=0.1480 mfm=0.0074 top=0.7032
[INFO] Epoch finished, avg_loss=0.1480, avg_mfm=0.0092, avg_top=0.6944, time=74.2s
[INFO] Epoch 32/50 started
[INFO] step=20/96 loss=0.1483 mfm=0.0083 top=0.7002
[INFO] step=40/96 loss=0.1484 mfm=0.0094 top=0.6952
[INFO] step=60/96 loss=0.1467 mfm=0.0108 top=0.6795
[INFO] step=80/96 loss=0.1458 mfm=0.0063 top=0.6973
[INFO] Epoch finished, avg_loss=0.1481, avg_mfm=0.0094, avg_top=0.6937, time=73.2s
[INFO] Epoch 33/50 started
[INFO] step=20/96 loss=0.1475 mfm=0.0093 top=0.6908
[INFO] step=40/96 loss=0.1457 mfm=0.0069 top=0.6939
[INFO] step=60/96 loss=0.1456 mfm=0.0071 top=0.6927
[INFO] step=80/96 loss=0.1474 mfm=0.0074 top=0.6998
[INFO] Epoch finished, avg_loss=0.1474, avg_mfm=0.0085, avg_top=0.6945, time=73.5s
[INFO] Epoch 34/50 started
[INFO] step=20/96 loss=0.1460 mfm=0.0070 top=0.6949
[INFO] step=40/96 loss=0.1460 mfm=0.0075 top=0.6925
[INFO] step=60/96 loss=0.1467 mfm=0.0083 top=0.6918
[INFO] step=80/96 loss=0.1467 mfm=0.0069 top=0.6986
[INFO] Epoch finished, avg_loss=0.1473, avg_mfm=0.0084, avg_top=0.6948, time=74.0s
[INFO] Epoch 35/50 started
[INFO] step=20/96 loss=0.1467 mfm=0.0072 top=0.6972
[INFO] step=40/96 loss=0.1483 mfm=0.0093 top=0.6951
[INFO] step=60/96 loss=0.1444 mfm=0.0065 top=0.6896
[INFO] step=80/96 loss=0.1466 mfm=0.0074 top=0.6963
[INFO] Epoch finished, avg_loss=0.1466, avg_mfm=0.0079, avg_top=0.6937, time=74.4s
[INFO] Epoch 36/50 started
[INFO] step=20/96 loss=0.1453 mfm=0.0070 top=0.6913
[INFO] step=40/96 loss=0.1466 mfm=0.0082 top=0.6918
[INFO] step=60/96 loss=0.1496 mfm=0.0101 top=0.6973
[INFO] step=80/96 loss=0.1473 mfm=0.0087 top=0.6931
[INFO] Epoch finished, avg_loss=0.1472, avg_mfm=0.0085, avg_top=0.6939, time=73.4s
[INFO] Epoch 37/50 started
[INFO] step=20/96 loss=0.1489 mfm=0.0102 top=0.6936
[INFO] step=40/96 loss=0.1500 mfm=0.0116 top=0.6920
[INFO] step=60/96 loss=0.1543 mfm=0.0135 top=0.7039
[INFO] step=80/96 loss=0.1478 mfm=0.0099 top=0.6892
[INFO] Epoch finished, avg_loss=0.1483, avg_mfm=0.0091, avg_top=0.6958, time=73.7s
[INFO] Epoch 38/50 started
[INFO] step=20/96 loss=0.1469 mfm=0.0076 top=0.6965
[INFO] step=40/96 loss=0.1463 mfm=0.0072 top=0.6957
[INFO] step=60/96 loss=0.1434 mfm=0.0058 top=0.6882
[INFO] step=80/96 loss=0.1467 mfm=0.0072 top=0.6974
[INFO] Epoch finished, avg_loss=0.1464, avg_mfm=0.0076, avg_top=0.6937, time=73.5s
[INFO] Epoch 39/50 started
[INFO] step=20/96 loss=0.1456 mfm=0.0075 top=0.6905
[INFO] step=40/96 loss=0.1444 mfm=0.0055 top=0.6944
[INFO] step=60/96 loss=0.1483 mfm=0.0096 top=0.6934
[INFO] step=80/96 loss=0.1444 mfm=0.0060 top=0.6917
[INFO] Epoch finished, avg_loss=0.1464, avg_mfm=0.0075, avg_top=0.6941, time=73.9s
[INFO] Epoch 40/50 started
[INFO] step=20/96 loss=0.1456 mfm=0.0073 top=0.6914
[INFO] step=40/96 loss=0.1466 mfm=0.0078 top=0.6941
[INFO] step=60/96 loss=0.1476 mfm=0.0086 top=0.6946
[INFO] step=80/96 loss=0.1435 mfm=0.0067 top=0.6842
[INFO] Epoch finished, avg_loss=0.1463, avg_mfm=0.0073, avg_top=0.6952, time=73.6s
[INFO] Epoch 41/50 started
[INFO] step=20/96 loss=0.1447 mfm=0.0067 top=0.6900
[INFO] step=40/96 loss=0.1464 mfm=0.0055 top=0.7045
[INFO] step=60/96 loss=0.1436 mfm=0.0057 top=0.6893
[INFO] step=80/96 loss=0.1465 mfm=0.0063 top=0.7011
[INFO] Epoch finished, avg_loss=0.1453, avg_mfm=0.0064, avg_top=0.6942, time=73.3s
[INFO] Epoch 42/50 started
[INFO] step=20/96 loss=0.1444 mfm=0.0060 top=0.6918
[INFO] step=40/96 loss=0.1444 mfm=0.0052 top=0.6959
[INFO] step=60/96 loss=0.1440 mfm=0.0047 top=0.6963
[INFO] step=80/96 loss=0.1476 mfm=0.0070 top=0.7034
[INFO] Epoch finished, avg_loss=0.1446, avg_mfm=0.0059, avg_top=0.6932, time=73.3s
[INFO] Epoch 43/50 started
[INFO] step=20/96 loss=0.1441 mfm=0.0049 top=0.6957
[INFO] step=40/96 loss=0.1436 mfm=0.0048 top=0.6941
[INFO] step=60/96 loss=0.1432 mfm=0.0048 top=0.6923
[INFO] step=80/96 loss=0.1433 mfm=0.0045 top=0.6936
[INFO] Epoch finished, avg_loss=0.1442, avg_mfm=0.0054, avg_top=0.6940, time=71.8s
[INFO] Epoch 44/50 started
[INFO] step=20/96 loss=0.1461 mfm=0.0046 top=0.7077
[INFO] step=40/96 loss=0.1439 mfm=0.0053 top=0.6932
[INFO] step=60/96 loss=0.1423 mfm=0.0047 top=0.6880
[INFO] step=80/96 loss=0.1457 mfm=0.0056 top=0.7003
[INFO] Epoch finished, avg_loss=0.1443, avg_mfm=0.0054, avg_top=0.6945, time=72.0s
[INFO] Epoch 45/50 started
[INFO] step=20/96 loss=0.1469 mfm=0.0062 top=0.7032
[INFO] step=40/96 loss=0.1460 mfm=0.0074 top=0.6929
[INFO] step=60/96 loss=0.1450 mfm=0.0057 top=0.6964
[INFO] step=80/96 loss=0.1447 mfm=0.0057 top=0.6952
[INFO] Epoch finished, avg_loss=0.1442, avg_mfm=0.0054, avg_top=0.6940, time=72.8s
[INFO] Epoch 46/50 started
[INFO] step=20/96 loss=0.1464 mfm=0.0077 top=0.6937
[INFO] step=40/96 loss=0.1457 mfm=0.0063 top=0.6968
[INFO] step=60/96 loss=0.1449 mfm=0.0069 top=0.6900
[INFO] step=80/96 loss=0.1447 mfm=0.0061 top=0.6930
[INFO] Epoch finished, avg_loss=0.1444, avg_mfm=0.0056, avg_top=0.6941, time=75.1s
[INFO] Epoch 47/50 started
[INFO] step=20/96 loss=0.1428 mfm=0.0043 top=0.6924
[INFO] step=40/96 loss=0.1443 mfm=0.0054 top=0.6942
[INFO] step=60/96 loss=0.1433 mfm=0.0047 top=0.6927
[INFO] step=80/96 loss=0.1413 mfm=0.0041 top=0.6862
[INFO] Epoch finished, avg_loss=0.1438, avg_mfm=0.0050, avg_top=0.6938, time=73.5s
[INFO] Epoch 48/50 started
[INFO] step=20/96 loss=0.1423 mfm=0.0044 top=0.6895
[INFO] step=40/96 loss=0.1447 mfm=0.0041 top=0.7029
[INFO] step=60/96 loss=0.1428 mfm=0.0045 top=0.6912
[INFO] step=80/96 loss=0.1471 mfm=0.0066 top=0.7023
[INFO] Epoch finished, avg_loss=0.1437, avg_mfm=0.0048, avg_top=0.6942, time=73.7s
[INFO] Epoch 49/50 started
[INFO] step=20/96 loss=0.1427 mfm=0.0048 top=0.6895
[INFO] step=40/96 loss=0.1450 mfm=0.0067 top=0.6915
[INFO] step=60/96 loss=0.1434 mfm=0.0048 top=0.6926
[INFO] step=80/96 loss=0.1427 mfm=0.0043 top=0.6921
[INFO] Epoch finished, avg_loss=0.1437, avg_mfm=0.0048, avg_top=0.6944, time=72.8s
[INFO] Epoch 50/50 started
[INFO] step=20/96 loss=0.1423 mfm=0.0043 top=0.6897
[INFO] step=40/96 loss=0.1441 mfm=0.0052 top=0.6942
[INFO] step=60/96 loss=0.1431 mfm=0.0046 top=0.6925
[INFO] step=80/96 loss=0.1437 mfm=0.0056 top=0.6905
[INFO] Epoch finished, avg_loss=0.1435, avg_mfm=0.0048, avg_top=0.6937, time=73.8s
[INFO] Epoch 1/50 started
[INFO] step=20/74 loss=0.2217 mfm=0.0830 top=0.6938
[INFO] step=40/74 loss=0.1993 mfm=0.0576 top=0.7085
[INFO] step=60/74 loss=0.2130 mfm=0.0736 top=0.6969
[INFO] Epoch finished, avg_loss=0.2336, avg_mfm=0.0907, avg_top=0.7146, time=68.1s
[INFO] Epoch 2/50 started
[INFO] step=20/74 loss=0.2032 mfm=0.0626 top=0.7033
[INFO] step=40/74 loss=0.1940 mfm=0.0549 top=0.6954
[INFO] step=60/74 loss=0.2815 mfm=0.1445 top=0.6853
[INFO] Epoch finished, avg_loss=0.2253, avg_mfm=0.0845, avg_top=0.7041, time=57.4s
[INFO] Epoch 3/50 started
[INFO] step=20/74 loss=0.2090 mfm=0.0705 top=0.6928
[INFO] step=40/74 loss=0.2371 mfm=0.0958 top=0.7063
[INFO] step=60/74 loss=0.2552 mfm=0.1150 top=0.7010
[INFO] Epoch finished, avg_loss=0.2359, avg_mfm=0.0967, avg_top=0.6961, time=56.2s
[INFO] Epoch 4/50 started
[INFO] step=20/74 loss=0.2581 mfm=0.1201 top=0.6901
[INFO] step=40/74 loss=0.2045 mfm=0.0664 top=0.6906
[INFO] step=60/74 loss=0.2558 mfm=0.1191 top=0.6837
[INFO] Epoch finished, avg_loss=0.2525, avg_mfm=0.1134, avg_top=0.6955, time=57.1s
[INFO] Epoch 5/50 started
[INFO] step=20/74 loss=0.2223 mfm=0.0834 top=0.6944
[INFO] step=40/74 loss=0.2291 mfm=0.0914 top=0.6886
[INFO] step=60/74 loss=0.2078 mfm=0.0690 top=0.6942
[INFO] Epoch finished, avg_loss=0.2060, avg_mfm=0.0666, avg_top=0.6968, time=57.6s
[INFO] Epoch 6/50 started
[INFO] step=20/74 loss=0.2030 mfm=0.0644 top=0.6931
[INFO] step=40/74 loss=0.1965 mfm=0.0585 top=0.6899
[INFO] step=60/74 loss=0.1975 mfm=0.0555 top=0.7098
[INFO] Epoch finished, avg_loss=0.1965, avg_mfm=0.0570, avg_top=0.6975, time=58.3s
[INFO] Epoch 7/50 started
[INFO] step=20/74 loss=0.2219 mfm=0.0832 top=0.6937
[INFO] step=40/74 loss=0.1714 mfm=0.0304 top=0.7049
[INFO] step=60/74 loss=0.2217 mfm=0.0824 top=0.6963
[INFO] Epoch finished, avg_loss=0.2007, avg_mfm=0.0615, avg_top=0.6958, time=58.1s
[INFO] Epoch 8/50 started
[INFO] step=20/74 loss=0.1861 mfm=0.0461 top=0.7000
[INFO] step=40/74 loss=0.1750 mfm=0.0368 top=0.6909
[INFO] step=60/74 loss=0.1593 mfm=0.0219 top=0.6868
[INFO] Epoch finished, avg_loss=0.1832, avg_mfm=0.0439, avg_top=0.6960, time=57.0s
[INFO] Epoch 9/50 started
[INFO] step=20/74 loss=0.1655 mfm=0.0261 top=0.6969
[INFO] step=40/74 loss=0.1760 mfm=0.0349 top=0.7053
[INFO] step=60/74 loss=0.1819 mfm=0.0438 top=0.6903
[INFO] Epoch finished, avg_loss=0.1772, avg_mfm=0.0375, avg_top=0.6985, time=56.6s
[INFO] Epoch 10/50 started
[INFO] step=20/74 loss=0.1715 mfm=0.0318 top=0.6988
[INFO] step=40/74 loss=0.1610 mfm=0.0211 top=0.6995
[INFO] step=60/74 loss=0.1688 mfm=0.0301 top=0.6933
[INFO] Epoch 1/50 started
<<<<<<< HEAD
[INFO] Epoch 1/50 started
[INFO] Epoch 1/50 started
[INFO] step=20/144 loss=0.2673 mfm=0.1207 top=0.7328
[INFO] step=40/144 loss=0.2764 mfm=0.1387 top=0.6886
[INFO] step=60/144 loss=0.2218 mfm=0.0832 top=0.6931
[INFO] step=80/144 loss=0.2116 mfm=0.0708 top=0.7039
[INFO] step=100/144 loss=0.2097 mfm=0.0727 top=0.6850
[INFO] step=120/144 loss=0.2096 mfm=0.0736 top=0.6798
[INFO] step=140/144 loss=0.2043 mfm=0.0643 top=0.7003
[INFO] Epoch finished, avg_loss=0.2464, avg_mfm=0.1035, avg_top=0.7148, time=69.7s
[INFO] Epoch 2/50 started
[INFO] step=20/144 loss=0.2357 mfm=0.0880 top=0.7383
[INFO] step=40/144 loss=0.2136 mfm=0.0815 top=0.6605
[INFO] step=60/144 loss=0.1850 mfm=0.0450 top=0.6999
[INFO] step=80/144 loss=0.1965 mfm=0.0604 top=0.6809
[INFO] step=100/144 loss=0.2081 mfm=0.0710 top=0.6858
[INFO] step=120/144 loss=0.1878 mfm=0.0504 top=0.6868
[INFO] step=140/144 loss=0.1781 mfm=0.0374 top=0.7039
[INFO] Epoch finished, avg_loss=0.2128, avg_mfm=0.0722, avg_top=0.7031, time=64.6s
[INFO] Epoch 3/50 started
[INFO] step=20/144 loss=0.2301 mfm=0.0910 top=0.6955
[INFO] step=40/144 loss=0.2106 mfm=0.0672 top=0.7169
[INFO] step=60/144 loss=0.2069 mfm=0.0664 top=0.7025
[INFO] step=80/144 loss=0.2414 mfm=0.1027 top=0.6934
[INFO] step=100/144 loss=0.1850 mfm=0.0442 top=0.7041
[INFO] step=120/144 loss=0.1860 mfm=0.0505 top=0.6777
[INFO] step=140/144 loss=0.1830 mfm=0.0442 top=0.6939
[INFO] Epoch finished, avg_loss=0.2099, avg_mfm=0.0701, avg_top=0.6989, time=64.8s
[INFO] Epoch 4/50 started
[INFO] step=20/144 loss=0.1961 mfm=0.0577 top=0.6921
[INFO] step=40/144 loss=0.1786 mfm=0.0434 top=0.6755
[INFO] step=60/144 loss=0.1802 mfm=0.0442 top=0.6797
[INFO] step=80/144 loss=0.1683 mfm=0.0274 top=0.7046
[INFO] step=100/144 loss=0.1692 mfm=0.0309 top=0.6919
[INFO] step=120/144 loss=0.1650 mfm=0.0262 top=0.6939
[INFO] step=140/144 loss=0.1708 mfm=0.0257 top=0.7258
[INFO] Epoch finished, avg_loss=0.1787, avg_mfm=0.0390, avg_top=0.6988, time=64.9s
[INFO] Epoch 5/50 started
[INFO] step=20/144 loss=0.1607 mfm=0.0212 top=0.6977
[INFO] step=40/144 loss=0.1715 mfm=0.0274 top=0.7203
[INFO] step=60/144 loss=0.2100 mfm=0.0611 top=0.7445
[INFO] step=80/144 loss=0.1633 mfm=0.0232 top=0.7007
[INFO] step=100/144 loss=0.1643 mfm=0.0274 top=0.6842
[INFO] step=120/144 loss=0.1625 mfm=0.0239 top=0.6931
[INFO] step=140/144 loss=0.1638 mfm=0.0239 top=0.6992
[INFO] Epoch finished, avg_loss=0.1682, avg_mfm=0.0287, avg_top=0.6977, time=65.3s
[INFO] Epoch 6/50 started
[INFO] step=20/144 loss=0.1722 mfm=0.0343 top=0.6896
[INFO] step=40/144 loss=0.1642 mfm=0.0155 top=0.7434
[INFO] step=60/144 loss=0.1532 mfm=0.0132 top=0.7002
[INFO] step=80/144 loss=0.1573 mfm=0.0199 top=0.6872
[INFO] step=100/144 loss=0.1619 mfm=0.0245 top=0.6870
[INFO] step=120/144 loss=0.1594 mfm=0.0164 top=0.7151
[INFO] step=140/144 loss=0.1686 mfm=0.0302 top=0.6923
[INFO] Epoch finished, avg_loss=0.1617, avg_mfm=0.0221, avg_top=0.6981, time=65.0s
[INFO] Epoch 7/50 started
[INFO] step=20/144 loss=0.1634 mfm=0.0249 top=0.6923
[INFO] step=40/144 loss=0.1652 mfm=0.0238 top=0.7070
[INFO] step=60/144 loss=0.1601 mfm=0.0197 top=0.7020
[INFO] step=80/144 loss=0.1494 mfm=0.0124 top=0.6851
[INFO] step=100/144 loss=0.1639 mfm=0.0262 top=0.6886
[INFO] step=120/144 loss=0.1508 mfm=0.0123 top=0.6926
[INFO] step=140/144 loss=0.1593 mfm=0.0202 top=0.6954
[INFO] Epoch finished, avg_loss=0.1591, avg_mfm=0.0197, avg_top=0.6970, time=65.8s
[INFO] Epoch 8/50 started
[INFO] step=20/144 loss=0.1587 mfm=0.0200 top=0.6937
[INFO] step=40/144 loss=0.1629 mfm=0.0202 top=0.7138
[INFO] step=60/144 loss=0.1649 mfm=0.0213 top=0.7183
[INFO] step=80/144 loss=0.1611 mfm=0.0209 top=0.7010
[INFO] step=100/144 loss=0.1582 mfm=0.0115 top=0.7336
[INFO] step=120/144 loss=0.1534 mfm=0.0148 top=0.6930
[INFO] step=140/144 loss=0.1530 mfm=0.0160 top=0.6852
[INFO] Epoch finished, avg_loss=0.1571, avg_mfm=0.0176, avg_top=0.6973, time=68.2s
[INFO] Epoch 9/50 started
[INFO] step=20/144 loss=0.1530 mfm=0.0157 top=0.6864
[INFO] step=40/144 loss=0.1532 mfm=0.0154 top=0.6890
[INFO] step=60/144 loss=0.1598 mfm=0.0192 top=0.7030
[INFO] step=80/144 loss=0.1567 mfm=0.0172 top=0.6977
[INFO] step=100/144 loss=0.1500 mfm=0.0137 top=0.6814
[INFO] step=120/144 loss=0.1532 mfm=0.0134 top=0.6992
[INFO] step=140/144 loss=0.1491 mfm=0.0106 top=0.6924
[INFO] Epoch finished, avg_loss=0.1532, avg_mfm=0.0139, avg_top=0.6964, time=64.6s
[INFO] Epoch 10/50 started
[INFO] step=20/144 loss=0.1542 mfm=0.0162 top=0.6899
[INFO] step=40/144 loss=0.1573 mfm=0.0187 top=0.6928
[INFO] step=60/144 loss=0.1503 mfm=0.0131 top=0.6862
[INFO] step=80/144 loss=0.1511 mfm=0.0092 top=0.7095
[INFO] step=100/144 loss=0.1477 mfm=0.0057 top=0.7101
[INFO] step=120/144 loss=0.1469 mfm=0.0087 top=0.6907
[INFO] step=140/144 loss=0.1476 mfm=0.0084 top=0.6962
[INFO] Epoch finished, avg_loss=0.1516, avg_mfm=0.0124, avg_top=0.6956, time=64.5s
[INFO] Epoch 11/50 started
[INFO] step=20/144 loss=0.1463 mfm=0.0116 top=0.6733
[INFO] step=40/144 loss=0.1460 mfm=0.0096 top=0.6820
[INFO] step=60/144 loss=0.1468 mfm=0.0079 top=0.6949
[INFO] step=80/144 loss=0.1508 mfm=0.0109 top=0.6996
[INFO] step=100/144 loss=0.1456 mfm=0.0081 top=0.6874
[INFO] step=120/144 loss=0.1487 mfm=0.0099 top=0.6941
[INFO] step=140/144 loss=0.1521 mfm=0.0131 top=0.6951
[INFO] Epoch finished, avg_loss=0.1520, avg_mfm=0.0123, avg_top=0.6986, time=64.1s
[INFO] Epoch 12/50 started
[INFO] step=20/144 loss=0.1541 mfm=0.0162 top=0.6897
[INFO] step=40/144 loss=0.1519 mfm=0.0136 top=0.6919
[INFO] step=60/144 loss=0.1499 mfm=0.0114 top=0.6922
[INFO] step=80/144 loss=0.1533 mfm=0.0122 top=0.7053
[INFO] step=100/144 loss=0.1523 mfm=0.0128 top=0.6974
[INFO] step=120/144 loss=0.1594 mfm=0.0099 top=0.7473
[INFO] step=140/144 loss=0.1556 mfm=0.0162 top=0.6967
[INFO] Epoch finished, avg_loss=0.1521, avg_mfm=0.0130, avg_top=0.6958, time=64.4s
[INFO] Epoch 13/50 started
[INFO] step=20/144 loss=0.1552 mfm=0.0152 top=0.6998
[INFO] step=40/144 loss=0.1470 mfm=0.0073 top=0.6984
[INFO] step=60/144 loss=0.1484 mfm=0.0107 top=0.6886
[INFO] step=80/144 loss=0.1538 mfm=0.0149 top=0.6946
[INFO] step=100/144 loss=0.1528 mfm=0.0100 top=0.7141
[INFO] step=120/144 loss=0.1571 mfm=0.0176 top=0.6974
[INFO] step=140/144 loss=0.1462 mfm=0.0081 top=0.6904
[INFO] Epoch finished, avg_loss=0.1511, avg_mfm=0.0120, avg_top=0.6956, time=64.8s
[INFO] Epoch 14/50 started
[INFO] step=20/144 loss=0.1552 mfm=0.0122 top=0.7147
[INFO] step=40/144 loss=0.1499 mfm=0.0127 top=0.6860
[INFO] step=60/144 loss=0.1489 mfm=0.0116 top=0.6865
[INFO] step=80/144 loss=0.1486 mfm=0.0104 top=0.6908
[INFO] step=100/144 loss=0.1536 mfm=0.0108 top=0.7138
[INFO] step=120/144 loss=0.1553 mfm=0.0133 top=0.7100
[INFO] step=140/144 loss=0.1547 mfm=0.0168 top=0.6896
[INFO] Epoch finished, avg_loss=0.1515, avg_mfm=0.0123, avg_top=0.6956, time=65.1s
[INFO] Epoch 15/50 started
[INFO] step=20/144 loss=0.1556 mfm=0.0164 top=0.6960
[INFO] step=40/144 loss=0.1581 mfm=0.0198 top=0.6917
[INFO] step=60/144 loss=0.1545 mfm=0.0148 top=0.6988
[INFO] step=80/144 loss=0.1481 mfm=0.0109 top=0.6856
[INFO] step=100/144 loss=0.1572 mfm=0.0170 top=0.7013
[INFO] step=120/144 loss=0.1569 mfm=0.0189 top=0.6902
[INFO] step=140/144 loss=0.1529 mfm=0.0136 top=0.6961
[INFO] Epoch finished, avg_loss=0.1527, avg_mfm=0.0137, avg_top=0.6952, time=64.3s
[INFO] Epoch 16/50 started
[INFO] step=20/144 loss=0.1493 mfm=0.0110 top=0.6916
[INFO] step=40/144 loss=0.1508 mfm=0.0115 top=0.6970
[INFO] step=60/144 loss=0.1497 mfm=0.0104 top=0.6968
[INFO] step=80/144 loss=0.1506 mfm=0.0123 top=0.6915
[INFO] step=100/144 loss=0.1612 mfm=0.0232 top=0.6898
[INFO] step=120/144 loss=0.1527 mfm=0.0146 top=0.6907
[INFO] step=140/144 loss=0.1503 mfm=0.0124 top=0.6893
[INFO] Epoch finished, avg_loss=0.1533, avg_mfm=0.0141, avg_top=0.6958, time=64.1s
[INFO] Epoch 17/50 started
[INFO] step=20/144 loss=0.1596 mfm=0.0211 top=0.6925
[INFO] step=40/144 loss=0.1494 mfm=0.0112 top=0.6912
[INFO] step=60/144 loss=0.1527 mfm=0.0095 top=0.7163
[INFO] step=80/144 loss=0.1524 mfm=0.0137 top=0.6937
[INFO] step=100/144 loss=0.1526 mfm=0.0139 top=0.6936
[INFO] step=120/144 loss=0.1518 mfm=0.0129 top=0.6943
[INFO] step=140/144 loss=0.1525 mfm=0.0139 top=0.6926
[INFO] Epoch finished, avg_loss=0.1512, avg_mfm=0.0122, avg_top=0.6948, time=64.3s
[INFO] Epoch 18/50 started
[INFO] step=20/144 loss=0.1526 mfm=0.0136 top=0.6950
[INFO] step=40/144 loss=0.1511 mfm=0.0128 top=0.6915
[INFO] step=60/144 loss=0.1552 mfm=0.0148 top=0.7021
[INFO] step=80/144 loss=0.1491 mfm=0.0104 top=0.6933
[INFO] step=100/144 loss=0.1593 mfm=0.0207 top=0.6930
[INFO] step=120/144 loss=0.1539 mfm=0.0135 top=0.7022
[INFO] step=140/144 loss=0.1460 mfm=0.0069 top=0.6954
[INFO] Epoch finished, avg_loss=0.1516, avg_mfm=0.0127, avg_top=0.6944, time=64.2s
[INFO] Epoch 19/50 started
[INFO] step=20/144 loss=0.1495 mfm=0.0114 top=0.6909
[INFO] step=40/144 loss=0.1499 mfm=0.0107 top=0.6956
[INFO] step=60/144 loss=0.1499 mfm=0.0082 top=0.7085
[INFO] step=80/144 loss=0.1508 mfm=0.0122 top=0.6927
[INFO] step=100/144 loss=0.1549 mfm=0.0162 top=0.6934
[INFO] step=120/144 loss=0.1502 mfm=0.0121 top=0.6906
[INFO] step=140/144 loss=0.1509 mfm=0.0121 top=0.6941
[INFO] Epoch finished, avg_loss=0.1501, avg_mfm=0.0112, avg_top=0.6947, time=64.2s
[INFO] Epoch 20/50 started
[INFO] step=20/144 loss=0.1507 mfm=0.0109 top=0.6989
[INFO] step=40/144 loss=0.1484 mfm=0.0104 top=0.6904
[INFO] step=60/144 loss=0.1471 mfm=0.0086 top=0.6925
[INFO] step=80/144 loss=0.1527 mfm=0.0129 top=0.6989
[INFO] step=100/144 loss=0.1533 mfm=0.0147 top=0.6928
[INFO] step=120/144 loss=0.1462 mfm=0.0084 top=0.6891
[INFO] step=140/144 loss=0.1511 mfm=0.0127 top=0.6919
[INFO] Epoch finished, avg_loss=0.1494, avg_mfm=0.0105, avg_top=0.6944, time=64.6s
[INFO] Epoch 21/50 started
[INFO] step=20/144 loss=0.1446 mfm=0.0065 top=0.6906
[INFO] step=40/144 loss=0.1478 mfm=0.0095 top=0.6914
[INFO] step=60/144 loss=0.1478 mfm=0.0093 top=0.6923
[INFO] step=80/144 loss=0.1456 mfm=0.0073 top=0.6913
[INFO] step=100/144 loss=0.1506 mfm=0.0118 top=0.6944
[INFO] step=120/144 loss=0.1426 mfm=0.0055 top=0.6856
[INFO] step=140/144 loss=0.1471 mfm=0.0092 top=0.6891
[INFO] Epoch finished, avg_loss=0.1484, avg_mfm=0.0094, avg_top=0.6949, time=64.0s
[INFO] Epoch 22/50 started
[INFO] step=20/144 loss=0.1468 mfm=0.0081 top=0.6935
[INFO] step=40/144 loss=0.1459 mfm=0.0070 top=0.6945
[INFO] step=60/144 loss=0.1454 mfm=0.0056 top=0.6986
[INFO] step=80/144 loss=0.1510 mfm=0.0120 top=0.6946
[INFO] step=100/144 loss=0.1457 mfm=0.0076 top=0.6900
[INFO] step=120/144 loss=0.1427 mfm=0.0071 top=0.6778
[INFO] step=140/144 loss=0.1455 mfm=0.0070 top=0.6925
[INFO] Epoch finished, avg_loss=0.1471, avg_mfm=0.0083, avg_top=0.6937, time=64.5s
[INFO] Epoch 23/50 started
[INFO] step=20/144 loss=0.1448 mfm=0.0075 top=0.6869
[INFO] step=40/144 loss=0.1444 mfm=0.0049 top=0.6980
[INFO] step=60/144 loss=0.1445 mfm=0.0073 top=0.6860
[INFO] step=80/144 loss=0.1426 mfm=0.0039 top=0.6939
[INFO] step=100/144 loss=0.1488 mfm=0.0097 top=0.6954
[INFO] step=120/144 loss=0.1441 mfm=0.0058 top=0.6918
[INFO] step=140/144 loss=0.1426 mfm=0.0040 top=0.6932
[INFO] Epoch finished, avg_loss=0.1459, avg_mfm=0.0070, avg_top=0.6943, time=64.3s
[INFO] Epoch 24/50 started
[INFO] step=20/144 loss=0.1486 mfm=0.0075 top=0.7059
[INFO] step=40/144 loss=0.1451 mfm=0.0059 top=0.6959
[INFO] step=60/144 loss=0.1443 mfm=0.0059 top=0.6922
[INFO] step=80/144 loss=0.1474 mfm=0.0069 top=0.7027
[INFO] step=100/144 loss=0.1475 mfm=0.0094 top=0.6908
[INFO] step=120/144 loss=0.1439 mfm=0.0055 top=0.6921
[INFO] step=140/144 loss=0.1464 mfm=0.0074 top=0.6950
[INFO] Epoch finished, avg_loss=0.1456, avg_mfm=0.0066, avg_top=0.6948, time=65.0s
[INFO] Epoch 25/50 started
[INFO] step=20/144 loss=0.1454 mfm=0.0067 top=0.6936
[INFO] step=40/144 loss=0.1495 mfm=0.0096 top=0.6997
[INFO] step=60/144 loss=0.1445 mfm=0.0058 top=0.6938
[INFO] step=80/144 loss=0.1451 mfm=0.0072 top=0.6899
[INFO] step=100/144 loss=0.1463 mfm=0.0077 top=0.6928
[INFO] step=120/144 loss=0.1498 mfm=0.0095 top=0.7016
[INFO] step=140/144 loss=0.1439 mfm=0.0060 top=0.6896
[INFO] Epoch finished, avg_loss=0.1460, avg_mfm=0.0073, avg_top=0.6934, time=65.0s
[INFO] Epoch 26/50 started
[INFO] step=20/144 loss=0.1455 mfm=0.0056 top=0.6997
[INFO] step=40/144 loss=0.1484 mfm=0.0096 top=0.6942
[INFO] step=60/144 loss=0.1480 mfm=0.0087 top=0.6965
[INFO] step=80/144 loss=0.1452 mfm=0.0070 top=0.6908
[INFO] step=100/144 loss=0.1440 mfm=0.0067 top=0.6865
[INFO] step=120/144 loss=0.1428 mfm=0.0041 top=0.6939
[INFO] step=140/144 loss=0.1474 mfm=0.0077 top=0.6984
[INFO] Epoch finished, avg_loss=0.1455, avg_mfm=0.0067, avg_top=0.6939, time=64.6s
[INFO] Epoch 27/50 started
[INFO] step=20/144 loss=0.1445 mfm=0.0059 top=0.6934
[INFO] step=40/144 loss=0.1444 mfm=0.0058 top=0.6929
[INFO] step=60/144 loss=0.1559 mfm=0.0169 top=0.6947
[INFO] step=80/144 loss=0.1469 mfm=0.0078 top=0.6953
[INFO] step=100/144 loss=0.1440 mfm=0.0057 top=0.6914
[INFO] step=120/144 loss=0.1451 mfm=0.0067 top=0.6923
[INFO] step=140/144 loss=0.1455 mfm=0.0067 top=0.6939
[INFO] Epoch finished, avg_loss=0.1459, avg_mfm=0.0071, avg_top=0.6938, time=64.0s
[INFO] Epoch 28/50 started
[INFO] step=20/144 loss=0.1487 mfm=0.0103 top=0.6921
[INFO] step=40/144 loss=0.1425 mfm=0.0045 top=0.6905
[INFO] step=60/144 loss=0.1474 mfm=0.0080 top=0.6965
[INFO] step=80/144 loss=0.1476 mfm=0.0084 top=0.6957
[INFO] step=100/144 loss=0.1468 mfm=0.0079 top=0.6947
[INFO] step=120/144 loss=0.1500 mfm=0.0115 top=0.6926
[INFO] step=140/144 loss=0.1460 mfm=0.0062 top=0.6992
[INFO] Epoch finished, avg_loss=0.1465, avg_mfm=0.0078, avg_top=0.6938, time=64.4s
[INFO] Epoch 29/50 started
[INFO] step=20/144 loss=0.1476 mfm=0.0076 top=0.7002
[INFO] step=40/144 loss=0.1467 mfm=0.0069 top=0.6991
[INFO] step=60/144 loss=0.1444 mfm=0.0057 top=0.6937
[INFO] step=80/144 loss=0.1453 mfm=0.0066 top=0.6936
[INFO] step=100/144 loss=0.1434 mfm=0.0045 top=0.6949
[INFO] step=120/144 loss=0.1459 mfm=0.0073 top=0.6933
[INFO] step=140/144 loss=0.1462 mfm=0.0080 top=0.6908
[INFO] Epoch finished, avg_loss=0.1463, avg_mfm=0.0075, avg_top=0.6941, time=64.8s
[INFO] Epoch 30/50 started
[INFO] step=20/144 loss=0.1437 mfm=0.0052 top=0.6927
[INFO] step=40/144 loss=0.1448 mfm=0.0067 top=0.6906
[INFO] step=60/144 loss=0.1450 mfm=0.0060 top=0.6948
[INFO] step=80/144 loss=0.1497 mfm=0.0105 top=0.6961
[INFO] step=100/144 loss=0.1478 mfm=0.0077 top=0.7004
[INFO] step=120/144 loss=0.1442 mfm=0.0057 top=0.6925
[INFO] step=140/144 loss=0.1454 mfm=0.0062 top=0.6961
[INFO] Epoch finished, avg_loss=0.1449, avg_mfm=0.0061, avg_top=0.6940, time=65.3s
[INFO] Epoch 31/50 started
[INFO] step=20/144 loss=0.1460 mfm=0.0077 top=0.6917
[INFO] step=40/144 loss=0.1477 mfm=0.0087 top=0.6948
[INFO] step=60/144 loss=0.1428 mfm=0.0048 top=0.6903
[INFO] step=80/144 loss=0.1426 mfm=0.0051 top=0.6872
[INFO] step=100/144 loss=0.1481 mfm=0.0085 top=0.6983
[INFO] step=120/144 loss=0.1464 mfm=0.0046 top=0.7090
[INFO] step=140/144 loss=0.1440 mfm=0.0055 top=0.6924
[INFO] Epoch finished, avg_loss=0.1447, avg_mfm=0.0059, avg_top=0.6941, time=64.9s
[INFO] Epoch 32/50 started
[INFO] step=20/144 loss=0.1412 mfm=0.0035 top=0.6886
[INFO] step=40/144 loss=0.1447 mfm=0.0057 top=0.6946
[INFO] step=60/144 loss=0.1433 mfm=0.0046 top=0.6937
[INFO] step=80/144 loss=0.1442 mfm=0.0054 top=0.6942
[INFO] step=100/144 loss=0.1446 mfm=0.0085 top=0.6809
[INFO] step=120/144 loss=0.1438 mfm=0.0056 top=0.6908
[INFO] step=140/144 loss=0.1451 mfm=0.0067 top=0.6918
[INFO] Epoch finished, avg_loss=0.1445, avg_mfm=0.0058, avg_top=0.6935, time=65.9s
[INFO] Epoch 33/50 started
[INFO] step=20/144 loss=0.1442 mfm=0.0054 top=0.6940
[INFO] step=40/144 loss=0.1442 mfm=0.0059 top=0.6918
[INFO] step=60/144 loss=0.1432 mfm=0.0044 top=0.6940
[INFO] step=80/144 loss=0.1435 mfm=0.0048 top=0.6937
[INFO] step=100/144 loss=0.1429 mfm=0.0056 top=0.6865
[INFO] step=120/144 loss=0.1431 mfm=0.0040 top=0.6953
[INFO] step=140/144 loss=0.1433 mfm=0.0042 top=0.6959
[INFO] Epoch finished, avg_loss=0.1443, avg_mfm=0.0055, avg_top=0.6941, time=64.7s
[INFO] Epoch 34/50 started
[INFO] step=20/144 loss=0.1432 mfm=0.0045 top=0.6933
[INFO] step=40/144 loss=0.1516 mfm=0.0134 top=0.6910
[INFO] step=60/144 loss=0.1425 mfm=0.0034 top=0.6957
[INFO] step=80/144 loss=0.1433 mfm=0.0048 top=0.6924
[INFO] step=100/144 loss=0.1438 mfm=0.0047 top=0.6953
[INFO] step=120/144 loss=0.1443 mfm=0.0061 top=0.6913
[INFO] step=140/144 loss=0.1460 mfm=0.0082 top=0.6891
[INFO] Epoch finished, avg_loss=0.1435, avg_mfm=0.0048, avg_top=0.6937, time=64.4s
[INFO] Epoch 35/50 started
[INFO] step=20/144 loss=0.1451 mfm=0.0072 top=0.6895
[INFO] step=40/144 loss=0.1506 mfm=0.0105 top=0.7001
[INFO] step=60/144 loss=0.1450 mfm=0.0057 top=0.6967
[INFO] step=80/144 loss=0.1439 mfm=0.0076 top=0.6819
[INFO] step=100/144 loss=0.1458 mfm=0.0064 top=0.6970
[INFO] step=120/144 loss=0.1468 mfm=0.0083 top=0.6929
[INFO] step=140/144 loss=0.1462 mfm=0.0076 top=0.6929
[INFO] Epoch finished, avg_loss=0.1458, avg_mfm=0.0071, avg_top=0.6934, time=65.5s
[INFO] Epoch 36/50 started
[INFO] step=20/144 loss=0.1496 mfm=0.0103 top=0.6961
[INFO] step=40/144 loss=0.1488 mfm=0.0099 top=0.6948
[INFO] step=60/144 loss=0.1459 mfm=0.0073 top=0.6929
[INFO] step=80/144 loss=0.1442 mfm=0.0053 top=0.6945
[INFO] step=100/144 loss=0.1483 mfm=0.0092 top=0.6956
[INFO] step=120/144 loss=0.1441 mfm=0.0058 top=0.6916
[INFO] step=140/144 loss=0.1415 mfm=0.0031 top=0.6922
[INFO] Epoch finished, avg_loss=0.1451, avg_mfm=0.0064, avg_top=0.6937, time=64.6s
[INFO] Epoch 37/50 started
[INFO] step=20/144 loss=0.1426 mfm=0.0040 top=0.6929
[INFO] step=40/144 loss=0.1455 mfm=0.0069 top=0.6926
[INFO] step=60/144 loss=0.1415 mfm=0.0034 top=0.6905
[INFO] step=80/144 loss=0.1433 mfm=0.0046 top=0.6932
[INFO] step=100/144 loss=0.1422 mfm=0.0038 top=0.6923
[INFO] step=120/144 loss=0.1416 mfm=0.0037 top=0.6897
[INFO] step=140/144 loss=0.1427 mfm=0.0041 top=0.6934
[INFO] Epoch finished, avg_loss=0.1443, avg_mfm=0.0056, avg_top=0.6934, time=64.2s
[INFO] Epoch 38/50 started
[INFO] step=20/144 loss=0.1445 mfm=0.0057 top=0.6944
[INFO] step=40/144 loss=0.1412 mfm=0.0041 top=0.6858
[INFO] step=60/144 loss=0.1395 mfm=0.0042 top=0.6767
[INFO] step=80/144 loss=0.1457 mfm=0.0048 top=0.7045
[INFO] step=100/144 loss=0.1432 mfm=0.0045 top=0.6935
[INFO] step=120/144 loss=0.1426 mfm=0.0040 top=0.6930
[INFO] step=140/144 loss=0.1424 mfm=0.0035 top=0.6947
[INFO] Epoch finished, avg_loss=0.1438, avg_mfm=0.0051, avg_top=0.6937, time=64.2s
[INFO] Epoch 39/50 started
[INFO] step=20/144 loss=0.1420 mfm=0.0037 top=0.6917
[INFO] step=40/144 loss=0.1420 mfm=0.0032 top=0.6939
[INFO] step=60/144 loss=0.1427 mfm=0.0051 top=0.6878
[INFO] step=80/144 loss=0.1426 mfm=0.0037 top=0.6942
[INFO] step=100/144 loss=0.1412 mfm=0.0031 top=0.6909
[INFO] step=120/144 loss=0.1451 mfm=0.0048 top=0.7011
[INFO] step=140/144 loss=0.1437 mfm=0.0044 top=0.6963
[INFO] Epoch finished, avg_loss=0.1425, avg_mfm=0.0037, avg_top=0.6937, time=64.8s
[INFO] Epoch 40/50 started
[INFO] step=20/144 loss=0.1417 mfm=0.0037 top=0.6900
[INFO] step=40/144 loss=0.1427 mfm=0.0040 top=0.6935
[INFO] step=60/144 loss=0.1430 mfm=0.0032 top=0.6990
[INFO] step=80/144 loss=0.1421 mfm=0.0035 top=0.6933
[INFO] step=100/144 loss=0.1454 mfm=0.0045 top=0.7044
[INFO] step=120/144 loss=0.1447 mfm=0.0030 top=0.7087
[INFO] step=140/144 loss=0.1419 mfm=0.0031 top=0.6941
[INFO] Epoch finished, avg_loss=0.1422, avg_mfm=0.0035, avg_top=0.6936, time=64.5s
[INFO] Epoch 41/50 started
[INFO] step=20/144 loss=0.1416 mfm=0.0033 top=0.6916
[INFO] step=40/144 loss=0.1435 mfm=0.0032 top=0.7012
[INFO] step=60/144 loss=0.1422 mfm=0.0040 top=0.6911
[INFO] step=80/144 loss=0.1419 mfm=0.0032 top=0.6936
[INFO] step=100/144 loss=0.1422 mfm=0.0027 top=0.6976
[INFO] step=120/144 loss=0.1412 mfm=0.0031 top=0.6907
[INFO] step=140/144 loss=0.1418 mfm=0.0026 top=0.6963
[INFO] Epoch finished, avg_loss=0.1422, avg_mfm=0.0035, avg_top=0.6934, time=64.9s
[INFO] Epoch 42/50 started
[INFO] step=20/144 loss=0.1424 mfm=0.0036 top=0.6937
[INFO] step=40/144 loss=0.1422 mfm=0.0035 top=0.6935
[INFO] step=60/144 loss=0.1416 mfm=0.0028 top=0.6939
[INFO] step=80/144 loss=0.1416 mfm=0.0034 top=0.6910
[INFO] step=100/144 loss=0.1416 mfm=0.0027 top=0.6944
[INFO] step=120/144 loss=0.1414 mfm=0.0025 top=0.6945
[INFO] step=140/144 loss=0.1411 mfm=0.0023 top=0.6940
[INFO] Epoch finished, avg_loss=0.1419, avg_mfm=0.0031, avg_top=0.6937, time=64.6s
[INFO] Epoch 43/50 started
[INFO] step=20/144 loss=0.1420 mfm=0.0033 top=0.6939
[INFO] step=40/144 loss=0.1415 mfm=0.0031 top=0.6920
[INFO] step=60/144 loss=0.1412 mfm=0.0025 top=0.6931
[INFO] step=80/144 loss=0.1415 mfm=0.0026 top=0.6947
[INFO] step=100/144 loss=0.1410 mfm=0.0026 top=0.6922
[INFO] step=120/144 loss=0.1421 mfm=0.0029 top=0.6959
[INFO] step=140/144 loss=0.1501 mfm=0.0039 top=0.7312
[INFO] Epoch finished, avg_loss=0.1417, avg_mfm=0.0030, avg_top=0.6935, time=64.1s
[INFO] Epoch 44/50 started
[INFO] step=20/144 loss=0.1416 mfm=0.0029 top=0.6935
[INFO] step=40/144 loss=0.1414 mfm=0.0027 top=0.6935
[INFO] step=60/144 loss=0.1417 mfm=0.0029 top=0.6938
[INFO] step=80/144 loss=0.1413 mfm=0.0024 top=0.6946
[INFO] step=100/144 loss=0.1407 mfm=0.0028 top=0.6898
[INFO] step=120/144 loss=0.1417 mfm=0.0028 top=0.6944
[INFO] step=140/144 loss=0.1406 mfm=0.0021 top=0.6923
[INFO] Epoch finished, avg_loss=0.1416, avg_mfm=0.0029, avg_top=0.6935, time=64.2s
[INFO] Epoch 45/50 started
[INFO] step=20/144 loss=0.1407 mfm=0.0029 top=0.6892
[INFO] step=40/144 loss=0.1426 mfm=0.0029 top=0.6984
[INFO] step=60/144 loss=0.1424 mfm=0.0037 top=0.6936
[INFO] step=80/144 loss=0.1405 mfm=0.0023 top=0.6914
[INFO] step=100/144 loss=0.1405 mfm=0.0020 top=0.6922
[INFO] step=120/144 loss=0.1410 mfm=0.0024 top=0.6930
[INFO] step=140/144 loss=0.1412 mfm=0.0026 top=0.6931
[INFO] Epoch finished, avg_loss=0.1416, avg_mfm=0.0029, avg_top=0.6937, time=63.9s
[INFO] Epoch 46/50 started
[INFO] step=20/144 loss=0.1411 mfm=0.0024 top=0.6932
[INFO] step=40/144 loss=0.1412 mfm=0.0034 top=0.6888
[INFO] step=60/144 loss=0.1415 mfm=0.0031 top=0.6925
[INFO] step=80/144 loss=0.1409 mfm=0.0026 top=0.6915
[INFO] step=100/144 loss=0.1406 mfm=0.0022 top=0.6917
[INFO] step=120/144 loss=0.1412 mfm=0.0025 top=0.6933
[INFO] step=140/144 loss=0.1421 mfm=0.0028 top=0.6966
[INFO] Epoch finished, avg_loss=0.1416, avg_mfm=0.0029, avg_top=0.6935, time=64.5s
[INFO] Epoch 47/50 started
[INFO] step=20/144 loss=0.1414 mfm=0.0029 top=0.6922
[INFO] step=40/144 loss=0.1408 mfm=0.0026 top=0.6913
[INFO] step=60/144 loss=0.1412 mfm=0.0022 top=0.6948
[INFO] step=80/144 loss=0.1407 mfm=0.0023 top=0.6919
[INFO] step=100/144 loss=0.1407 mfm=0.0022 top=0.6923
[INFO] step=120/144 loss=0.1414 mfm=0.0026 top=0.6935
[INFO] step=140/144 loss=0.1417 mfm=0.0029 top=0.6938
[INFO] Epoch finished, avg_loss=0.1415, avg_mfm=0.0028, avg_top=0.6936, time=64.4s
[INFO] Epoch 48/50 started
[INFO] step=20/144 loss=0.1411 mfm=0.0027 top=0.6918
[INFO] step=40/144 loss=0.1414 mfm=0.0025 top=0.6942
[INFO] step=60/144 loss=0.1428 mfm=0.0030 top=0.6993
[INFO] step=80/144 loss=0.1407 mfm=0.0025 top=0.6908
[INFO] step=100/144 loss=0.1407 mfm=0.0022 top=0.6927
[INFO] step=120/144 loss=0.1423 mfm=0.0024 top=0.6991
[INFO] step=140/144 loss=0.1416 mfm=0.0035 top=0.6906
[INFO] Epoch finished, avg_loss=0.1416, avg_mfm=0.0029, avg_top=0.6935, time=64.1s
[INFO] Epoch 49/50 started
[INFO] step=20/144 loss=0.1411 mfm=0.0023 top=0.6942
[INFO] step=40/144 loss=0.1424 mfm=0.0038 top=0.6929
[INFO] step=60/144 loss=0.1420 mfm=0.0034 top=0.6929
[INFO] step=80/144 loss=0.1414 mfm=0.0032 top=0.6909
[INFO] step=100/144 loss=0.1411 mfm=0.0027 top=0.6920
[INFO] step=120/144 loss=0.1410 mfm=0.0022 top=0.6940
[INFO] step=140/144 loss=0.1409 mfm=0.0022 top=0.6932
[INFO] Epoch finished, avg_loss=0.1415, avg_mfm=0.0027, avg_top=0.6937, time=64.2s
[INFO] Epoch 50/50 started
[INFO] step=20/144 loss=0.1410 mfm=0.0024 top=0.6928
[INFO] step=40/144 loss=0.1411 mfm=0.0024 top=0.6930
[INFO] step=60/144 loss=0.1418 mfm=0.0024 top=0.6971
[INFO] step=80/144 loss=0.1415 mfm=0.0031 top=0.6917
[INFO] step=100/144 loss=0.1422 mfm=0.0035 top=0.6934
[INFO] step=120/144 loss=0.1419 mfm=0.0033 top=0.6932
[INFO] step=140/144 loss=0.1424 mfm=0.0037 top=0.6936
[INFO] Epoch finished, avg_loss=0.1416, avg_mfm=0.0029, avg_top=0.6935, time=64.4s
[INFO] step=20/74 loss=0.2110 mfm=0.0729 top=0.6908
[INFO] Epoch 1/50 started
[INFO] step=20/74 loss=0.2110 mfm=0.0729 top=0.6908
[INFO] step=40/74 loss=0.1817 mfm=0.0425 top=0.6958
[INFO] step=60/74 loss=0.1875 mfm=0.0472 top=0.7014
[INFO] Epoch finished, avg_loss=0.2197, avg_mfm=0.0771, avg_top=0.7131, time=676.4s
[INFO] Epoch 2/50 started
[INFO] step=20/74 loss=0.1658 mfm=0.0268 top=0.6950
[INFO] step=40/74 loss=0.2457 mfm=0.1072 top=0.6926
[INFO] step=60/74 loss=0.1907 mfm=0.0537 top=0.6852
[INFO] Epoch 1/50 started
[INFO] step=20/74 loss=0.2290 mfm=0.0902 top=0.6940
[INFO] step=40/74 loss=0.2313 mfm=0.0867 top=0.7230
[INFO] step=60/74 loss=0.2583 mfm=0.1160 top=0.7119
[INFO] Epoch finished, avg_loss=0.2445, avg_mfm=0.1014, avg_top=0.7152, time=643.8s
[INFO] Epoch 2/50 started
[INFO] step=20/74 loss=0.2501 mfm=0.1103 top=0.6990
[INFO] step=40/74 loss=0.2422 mfm=0.1022 top=0.7000
[INFO] step=60/74 loss=0.1811 mfm=0.0426 top=0.6924
[INFO] Epoch finished, avg_loss=0.2421, avg_mfm=0.1017, avg_top=0.7021, time=581.5s
[INFO] Epoch 3/50 started
[INFO] step=20/74 loss=0.2065 mfm=0.0676 top=0.6946
[INFO] step=40/74 loss=0.1854 mfm=0.0443 top=0.7055
[INFO] step=60/74 loss=0.2148 mfm=0.0736 top=0.7060
[INFO] Epoch finished, avg_loss=0.2106, avg_mfm=0.0713, avg_top=0.6967, time=586.4s
[INFO] Epoch 4/50 started
[INFO] step=20/74 loss=0.1785 mfm=0.0402 top=0.6913
[INFO] step=40/74 loss=0.1962 mfm=0.0574 top=0.6938
[INFO] step=60/74 loss=0.2238 mfm=0.0850 top=0.6941
[INFO] Epoch finished, avg_loss=0.2048, avg_mfm=0.0655, avg_top=0.6969, time=601.6s
[INFO] Epoch 5/50 started
[INFO] step=20/74 loss=0.2031 mfm=0.0648 top=0.6916
[INFO] step=40/74 loss=0.1901 mfm=0.0519 top=0.6912
[INFO] step=60/74 loss=0.1902 mfm=0.0511 top=0.6955
[INFO] Epoch finished, avg_loss=0.2136, avg_mfm=0.0741, avg_top=0.6973, time=580.8s
[INFO] Epoch 6/50 started
[INFO] step=20/74 loss=0.2079 mfm=0.0698 top=0.6905
[INFO] step=40/74 loss=0.1764 mfm=0.0391 top=0.6866
[INFO] step=60/74 loss=0.1818 mfm=0.0403 top=0.7076
[INFO] Epoch finished, avg_loss=0.2142, avg_mfm=0.0745, avg_top=0.6984, time=579.6s
[INFO] Epoch 7/50 started
[INFO] step=20/74 loss=0.1843 mfm=0.0461 top=0.6907
[INFO] step=40/74 loss=0.2008 mfm=0.0601 top=0.7035
[INFO] step=60/74 loss=0.1727 mfm=0.0338 top=0.6942
[INFO] Epoch finished, avg_loss=0.1948, avg_mfm=0.0556, avg_top=0.6959, time=589.9s
[INFO] Epoch 8/50 started
[INFO] step=20/74 loss=0.1906 mfm=0.0516 top=0.6948
[INFO] step=40/74 loss=0.1848 mfm=0.0469 top=0.6899
[INFO] step=60/74 loss=0.1520 mfm=0.0141 top=0.6893
[INFO] Epoch finished, avg_loss=0.1877, avg_mfm=0.0486, avg_top=0.6959, time=553.7s
[INFO] Epoch 9/50 started
[INFO] step=20/74 loss=0.1590 mfm=0.0199 top=0.6954
[INFO] step=40/74 loss=0.2454 mfm=0.1044 top=0.7051
[INFO] step=60/74 loss=0.1907 mfm=0.0525 top=0.6906
[INFO] Epoch finished, avg_loss=0.1801, avg_mfm=0.0407, avg_top=0.6972, time=537.6s
[INFO] Epoch 10/50 started
[INFO] step=20/74 loss=0.1593 mfm=0.0197 top=0.6978
[INFO] step=40/74 loss=0.1653 mfm=0.0247 top=0.7029
[INFO] step=60/74 loss=0.1699 mfm=0.0321 top=0.6891
[INFO] Epoch finished, avg_loss=0.1778, avg_mfm=0.0384, avg_top=0.6974, time=568.2s
[INFO] Epoch 11/50 started
[INFO] step=20/74 loss=0.1738 mfm=0.0343 top=0.6975
[INFO] step=40/74 loss=0.1865 mfm=0.0472 top=0.6962
[INFO] step=60/74 loss=0.1869 mfm=0.0410 top=0.7294
[INFO] Epoch finished, avg_loss=0.1808, avg_mfm=0.0408, avg_top=0.6996, time=578.3s
[INFO] Epoch 12/50 started
[INFO] step=20/74 loss=0.1632 mfm=0.0254 top=0.6891
[INFO] step=40/74 loss=0.1614 mfm=0.0213 top=0.7006
[INFO] step=60/74 loss=0.1888 mfm=0.0476 top=0.7057
[INFO] Epoch finished, avg_loss=0.1673, avg_mfm=0.0283, avg_top=0.6954, time=554.9s
[INFO] Epoch 13/50 started
[INFO] step=20/74 loss=0.1574 mfm=0.0171 top=0.7014
[INFO] step=40/74 loss=0.1704 mfm=0.0323 top=0.6908
[INFO] step=60/74 loss=0.1674 mfm=0.0278 top=0.6979
[INFO] Epoch finished, avg_loss=0.1691, avg_mfm=0.0299, avg_top=0.6957, time=551.6s
[INFO] Epoch 14/50 started
[INFO] step=20/74 loss=0.2106 mfm=0.0722 top=0.6916
[INFO] step=40/74 loss=0.2017 mfm=0.0629 top=0.6942
[INFO] step=60/74 loss=0.1634 mfm=0.0249 top=0.6922
[INFO] Epoch finished, avg_loss=0.1664, avg_mfm=0.0269, avg_top=0.6972, time=548.4s
[INFO] Epoch 15/50 started
[INFO] step=20/74 loss=0.1545 mfm=0.0149 top=0.6976
[INFO] step=40/74 loss=0.2238 mfm=0.0833 top=0.7025
[INFO] step=60/74 loss=0.1632 mfm=0.0245 top=0.6938
[INFO] Epoch finished, avg_loss=0.1639, avg_mfm=0.0249, avg_top=0.6953, time=551.8s
[INFO] Epoch 16/50 started
[INFO] step=20/74 loss=0.1631 mfm=0.0235 top=0.6983
[INFO] step=40/74 loss=0.1614 mfm=0.0182 top=0.7163
